This is pdfTeX, Version 3.141592653-2.6-1.40.27 (TeX Live 2025) (preloaded format=pdflatex 2025.5.13)  15 MAY 2025 17:08
entering extended mode
 restricted \write18 enabled.
 %&-line parsing enabled.
**appendix1.tex
(./appendix1.tex
LaTeX2e <2024-11-01> patch level 2
L3 programming layer <2025-04-14>
! Undefined control sequence.
l.1 \chapter
            {–ö—Ä–∞—Ç–∫–∏–µ –∏–Ω—Å—Ç—Ä—É–∫—Ü–∏–∏ –ø–æ –Ω–∞—Å—Ç—Ä–æ–π–∫–µ –∏–...
The control sequence at the end of the top line
of your error message was never \def'ed. If you have
misspelled it (e.g., `\hobx'), type `I' and the correct
spelling (e.g., `I\hbox'). Otherwise just continue,
and I'll forget about whatever was undefined.


! LaTeX Error: Unicode character –ö (U+041A)
               not set up for use with LaTeX.

See the LaTeX manual or LaTeX Companion for explanation.
Type  H <return>  for immediate help.
 ...                                              
                                                  
l.1 \chapter{–ö
               —Ä–∞—Ç–∫–∏–µ –∏–Ω—Å—Ç—Ä—É–∫—Ü–∏–∏ –ø–æ –Ω–∞—Å—Ç—Ä–æ–π–∫–µ –∏–...

You may provide a definition with
\DeclareUnicodeCharacter 


! LaTeX Error: Unicode character —Ä (U+0440)
               not set up for use with LaTeX.

See the LaTeX manual or LaTeX Companion for explanation.
Type  H <return>  for immediate help.
 ...                                              
                                                  
l.1 \chapter{–ö—Ä
                 –∞—Ç–∫–∏–µ –∏–Ω—Å—Ç—Ä—É–∫—Ü–∏–∏ –ø–æ –Ω–∞—Å—Ç—Ä–æ–π–∫–µ –∏–...

You may provide a definition with
\DeclareUnicodeCharacter 


! LaTeX Error: Unicode character –∞ (U+0430)
               not set up for use with LaTeX.

See the LaTeX manual or LaTeX Companion for explanation.
Type  H <return>  for immediate help.
 ...                                              
                                                  
l.1 \chapter{–ö—Ä–∞
                   —Ç–∫–∏–µ –∏–Ω—Å—Ç—Ä—É–∫—Ü–∏–∏ –ø–æ –Ω–∞—Å—Ç—Ä–æ–π–∫–µ –∏–...

You may provide a definition with
\DeclareUnicodeCharacter 


! LaTeX Error: Unicode character —Ç (U+0442)
               not set up for use with LaTeX.

See the LaTeX manual or LaTeX Companion for explanation.
Type  H <return>  for immediate help.
 ...                                              
                                                  
l.1 \chapter{–ö—Ä–∞—Ç
                     –∫–∏–µ –∏–Ω—Å—Ç—Ä—É–∫—Ü–∏–∏ –ø–æ –Ω–∞—Å—Ç—Ä–æ–π–∫–µ –∏–...

You may provide a definition with
\DeclareUnicodeCharacter 


! LaTeX Error: Unicode character –∫ (U+043A)
               not set up for use with LaTeX.

See the LaTeX manual or LaTeX Companion for explanation.
Type  H <return>  for immediate help.
 ...                                              
                                                  
l.1 \chapter{–ö—Ä–∞—Ç–∫
                       –∏–µ –∏–Ω—Å—Ç—Ä—É–∫—Ü–∏–∏ –ø–æ –Ω–∞—Å—Ç—Ä–æ–π–∫–µ –∏–...

You may provide a definition with
\DeclareUnicodeCharacter 


! LaTeX Error: Unicode character –∏ (U+0438)
               not set up for use with LaTeX.

See the LaTeX manual or LaTeX Companion for explanation.
Type  H <return>  for immediate help.
 ...                                              
                                                  
l.1 \chapter{–ö—Ä–∞—Ç–∫–∏
                         –µ –∏–Ω—Å—Ç—Ä—É–∫—Ü–∏–∏ –ø–æ –Ω–∞—Å—Ç—Ä–æ–π–∫–µ –∏–...

You may provide a definition with
\DeclareUnicodeCharacter 


! LaTeX Error: Unicode character –µ (U+0435)
               not set up for use with LaTeX.

See the LaTeX manual or LaTeX Companion for explanation.
Type  H <return>  for immediate help.
 ...                                              
                                                  
l.1 \chapter{–ö—Ä–∞—Ç–∫–∏–µ
                            –∏–Ω—Å—Ç—Ä—É–∫—Ü–∏–∏ –ø–æ –Ω–∞—Å—Ç—Ä–æ–π–∫–µ –∏–...

You may provide a definition with
\DeclareUnicodeCharacter 


! LaTeX Error: Unicode character –∏ (U+0438)
               not set up for use with LaTeX.

See the LaTeX manual or LaTeX Companion for explanation.
Type  H <return>  for immediate help.
 ...                                              
                                                  
l.1 \chapter{–ö—Ä–∞—Ç–∫–∏–µ –∏
                              –Ω—Å—Ç—Ä—É–∫—Ü–∏–∏ –ø–æ –Ω–∞—Å—Ç—Ä–æ–π–∫–µ –∏–...

You may provide a definition with
\DeclareUnicodeCharacter 


! LaTeX Error: Unicode character –Ω (U+043D)
               not set up for use with LaTeX.

See the LaTeX manual or LaTeX Companion for explanation.
Type  H <return>  for immediate help.
 ...                                              
                                                  
l.1 \chapter{–ö—Ä–∞—Ç–∫–∏–µ –∏–Ω
                                —Å—Ç—Ä—É–∫—Ü–∏–∏ –ø–æ –Ω–∞—Å—Ç—Ä–æ–π–∫–µ –∏–...

You may provide a definition with
\DeclareUnicodeCharacter 


! LaTeX Error: Unicode character —Å (U+0441)
               not set up for use with LaTeX.

See the LaTeX manual or LaTeX Companion for explanation.
Type  H <return>  for immediate help.
 ...                                              
                                                  
l.1 \chapter{–ö—Ä–∞—Ç–∫–∏–µ –∏–Ω—Å
                                  —Ç—Ä—É–∫—Ü–∏–∏ –ø–æ –Ω–∞—Å—Ç—Ä–æ–π–∫–µ –∏–...

You may provide a definition with
\DeclareUnicodeCharacter 


! LaTeX Error: Unicode character —Ç (U+0442)
               not set up for use with LaTeX.

See the LaTeX manual or LaTeX Companion for explanation.
Type  H <return>  for immediate help.
 ...                                              
                                                  
l.1 \chapter{–ö—Ä–∞—Ç–∫–∏–µ –∏–Ω—Å—Ç
                                    —Ä—É–∫—Ü–∏–∏ –ø–æ –Ω–∞—Å—Ç—Ä–æ–π–∫–µ –∏–...

You may provide a definition with
\DeclareUnicodeCharacter 


! LaTeX Error: Unicode character —Ä (U+0440)
               not set up for use with LaTeX.

See the LaTeX manual or LaTeX Companion for explanation.
Type  H <return>  for immediate help.
 ...                                              
                                                  
l.1 \chapter{–ö—Ä–∞—Ç–∫–∏–µ –∏–Ω—Å—Ç—Ä
                                      —É–∫—Ü–∏–∏ –ø–æ –Ω–∞—Å—Ç—Ä–æ–π–∫–µ –∏–...

You may provide a definition with
\DeclareUnicodeCharacter 


! LaTeX Error: Unicode character —É (U+0443)
               not set up for use with LaTeX.

See the LaTeX manual or LaTeX Companion for explanation.
Type  H <return>  for immediate help.
 ...                                              
                                                  
l.1 \chapter{–ö—Ä–∞—Ç–∫–∏–µ –∏–Ω—Å—Ç—Ä—É
                                        –∫—Ü–∏–∏ –ø–æ –Ω–∞—Å—Ç—Ä–æ–π–∫–µ –∏–...

You may provide a definition with
\DeclareUnicodeCharacter 


! LaTeX Error: Unicode character –∫ (U+043A)
               not set up for use with LaTeX.

See the LaTeX manual or LaTeX Companion for explanation.
Type  H <return>  for immediate help.
 ...                                              
                                                  
l.1 \chapter{–ö—Ä–∞—Ç–∫–∏–µ –∏–Ω—Å—Ç—Ä—É–∫
                                          —Ü–∏–∏ –ø–æ –Ω–∞—Å—Ç—Ä–æ–π–∫–µ –∏–...

You may provide a definition with
\DeclareUnicodeCharacter 


! LaTeX Error: Unicode character —Ü (U+0446)
               not set up for use with LaTeX.

See the LaTeX manual or LaTeX Companion for explanation.
Type  H <return>  for immediate help.
 ...                                              
                                                  
l.1 \chapter{–ö—Ä–∞—Ç–∫–∏–µ –∏–Ω—Å—Ç—Ä—É–∫—Ü
                                            –∏–∏ –ø–æ –Ω–∞—Å—Ç—Ä–æ–π–∫–µ –∏–...

You may provide a definition with
\DeclareUnicodeCharacter 


! LaTeX Error: Unicode character –∏ (U+0438)
               not set up for use with LaTeX.

See the LaTeX manual or LaTeX Companion for explanation.
Type  H <return>  for immediate help.
 ...                                              
                                                  
l.1 \chapter{–ö—Ä–∞—Ç–∫–∏–µ –∏–Ω—Å—Ç—Ä—É–∫—Ü–∏
                                              –∏ –ø–æ –Ω–∞—Å—Ç—Ä–æ–π–∫–µ –∏–...

You may provide a definition with
\DeclareUnicodeCharacter 


! LaTeX Error: Unicode character –∏ (U+0438)
               not set up for use with LaTeX.

See the LaTeX manual or LaTeX Companion for explanation.
Type  H <return>  for immediate help.
 ...                                              
                                                  
l.1 \chapter{–ö—Ä–∞—Ç–∫–∏–µ –∏–Ω—Å—Ç—Ä—É–∫—Ü–∏–∏
                                                 –ø–æ –Ω–∞—Å—Ç—Ä–æ–π–∫–µ –∏–...

You may provide a definition with
\DeclareUnicodeCharacter 


! LaTeX Error: Unicode character –ø (U+043F)
               not set up for use with LaTeX.

See the LaTeX manual or LaTeX Companion for explanation.
Type  H <return>  for immediate help.
 ...                                              
                                                  
l.1 ...pter{–ö—Ä–∞—Ç–∫–∏–µ –∏–Ω—Å—Ç—Ä—É–∫—Ü–∏–∏ –ø
                                                  –æ –Ω–∞—Å—Ç—Ä–æ–π–∫–µ –∏–∑...

You may provide a definition with
\DeclareUnicodeCharacter 


! LaTeX Error: Unicode character –æ (U+043E)
               not set up for use with LaTeX.

See the LaTeX manual or LaTeX Companion for explanation.
Type  H <return>  for immediate help.
 ...                                              
                                                  
l.1 ...er{–ö—Ä–∞—Ç–∫–∏–µ –∏–Ω—Å—Ç—Ä—É–∫—Ü–∏–∏ –ø–æ
                                                   –Ω–∞—Å—Ç—Ä–æ–π–∫–µ –∏–∑–¥...

You may provide a definition with
\DeclareUnicodeCharacter 


! LaTeX Error: Unicode character –Ω (U+043D)
               not set up for use with LaTeX.

See the LaTeX manual or LaTeX Companion for explanation.
Type  H <return>  for immediate help.
 ...                                              
                                                  
l.1 ...–ö—Ä–∞—Ç–∫–∏–µ –∏–Ω—Å—Ç—Ä—É–∫—Ü–∏–∏ –ø–æ –Ω
                                                  –∞—Å—Ç—Ä–æ–π–∫–µ –∏–∑–¥–∞—...

You may provide a definition with
\DeclareUnicodeCharacter 


! LaTeX Error: Unicode character –∞ (U+0430)
               not set up for use with LaTeX.

See the LaTeX manual or LaTeX Companion for explanation.
Type  H <return>  for immediate help.
 ...                                              
                                                  
l.1 ...—Ä–∞—Ç–∫–∏–µ –∏–Ω—Å—Ç—Ä—É–∫—Ü–∏–∏ –ø–æ –Ω–∞
                                                  —Å—Ç—Ä–æ–π–∫–µ –∏–∑–¥–∞—Ç–...

You may provide a definition with
\DeclareUnicodeCharacter 


! LaTeX Error: Unicode character —Å (U+0441)
               not set up for use with LaTeX.

See the LaTeX manual or LaTeX Companion for explanation.
Type  H <return>  for immediate help.
 ...                                              
                                                  
l.1 ...–∞—Ç–∫–∏–µ –∏–Ω—Å—Ç—Ä—É–∫—Ü–∏–∏ –ø–æ –Ω–∞—Å
                                                  —Ç—Ä–æ–π–∫–µ –∏–∑–¥–∞—Ç–µ–...

You may provide a definition with
\DeclareUnicodeCharacter 


! LaTeX Error: Unicode character —Ç (U+0442)
               not set up for use with LaTeX.

See the LaTeX manual or LaTeX Companion for explanation.
Type  H <return>  for immediate help.
 ...                                              
                                                  
l.1 ...—Ç–∫–∏–µ –∏–Ω—Å—Ç—Ä—É–∫—Ü–∏–∏ –ø–æ –Ω–∞—Å—Ç
                                                  —Ä–æ–π–∫–µ –∏–∑–¥–∞—Ç–µ–ª—...

You may provide a definition with
\DeclareUnicodeCharacter 


! LaTeX Error: Unicode character —Ä (U+0440)
               not set up for use with LaTeX.

See the LaTeX manual or LaTeX Companion for explanation.
Type  H <return>  for immediate help.
 ...                                              
                                                  
l.1 ...–∫–∏–µ –∏–Ω—Å—Ç—Ä—É–∫—Ü–∏–∏ –ø–æ –Ω–∞—Å—Ç—Ä
                                                  –æ–π–∫–µ –∏–∑–¥–∞—Ç–µ–ª—å—...

You may provide a definition with
\DeclareUnicodeCharacter 


! LaTeX Error: Unicode character –æ (U+043E)
               not set up for use with LaTeX.

See the LaTeX manual or LaTeX Companion for explanation.
Type  H <return>  for immediate help.
 ...                                              
                                                  
l.1 ...–∏–µ –∏–Ω—Å—Ç—Ä—É–∫—Ü–∏–∏ –ø–æ –Ω–∞—Å—Ç—Ä–æ
                                                  –π–∫–µ –∏–∑–¥–∞—Ç–µ–ª—å—Å–...

You may provide a definition with
\DeclareUnicodeCharacter 


! LaTeX Error: Unicode character –π (U+0439)
               not set up for use with LaTeX.

See the LaTeX manual or LaTeX Companion for explanation.
Type  H <return>  for immediate help.
 ...                                              
                                                  
l.1 ...–µ –∏–Ω—Å—Ç—Ä—É–∫—Ü–∏–∏ –ø–æ –Ω–∞—Å—Ç—Ä–æ–π
                                                  –∫–µ –∏–∑–¥–∞—Ç–µ–ª—å—Å–∫–...

You may provide a definition with
\DeclareUnicodeCharacter 


! LaTeX Error: Unicode character –∫ (U+043A)
               not set up for use with LaTeX.

See the LaTeX manual or LaTeX Companion for explanation.
Type  H <return>  for immediate help.
 ...                                              
                                                  
l.1 ... –∏–Ω—Å—Ç—Ä—É–∫—Ü–∏–∏ –ø–æ –Ω–∞—Å—Ç—Ä–æ–π–∫
                                                  –µ –∏–∑–¥–∞—Ç–µ–ª—å—Å–∫–æ–...

You may provide a definition with
\DeclareUnicodeCharacter 


! LaTeX Error: Unicode character –µ (U+0435)
               not set up for use with LaTeX.

See the LaTeX manual or LaTeX Companion for explanation.
Type  H <return>  for immediate help.
 ...                                              
                                                  
l.1 ...∏–Ω—Å—Ç—Ä—É–∫—Ü–∏–∏ –ø–æ –Ω–∞—Å—Ç—Ä–æ–π–∫–µ
                                                   –∏–∑–¥–∞—Ç–µ–ª—å—Å–∫–æ–π ...

You may provide a definition with
\DeclareUnicodeCharacter 


! LaTeX Error: Unicode character –∏ (U+0438)
               not set up for use with LaTeX.

See the LaTeX manual or LaTeX Companion for explanation.
Type  H <return>  for immediate help.
 ...                                              
                                                  
l.1 ...—Å—Ç—Ä—É–∫—Ü–∏–∏ –ø–æ –Ω–∞—Å—Ç—Ä–æ–π–∫–µ –∏
                                                  –∑–¥–∞—Ç–µ–ª—å—Å–∫–æ–π —Å–...

You may provide a definition with
\DeclareUnicodeCharacter 


! LaTeX Error: Unicode character –∑ (U+0437)
               not set up for use with LaTeX.

See the LaTeX manual or LaTeX Companion for explanation.
Type  H <return>  for immediate help.
 ...                                              
                                                  
l.1 ...—Ç—Ä—É–∫—Ü–∏–∏ –ø–æ –Ω–∞—Å—Ç—Ä–æ–π–∫–µ –∏–∑
                                                  –¥–∞—Ç–µ–ª—å—Å–∫–æ–π —Å–∏—...

You may provide a definition with
\DeclareUnicodeCharacter 


! LaTeX Error: Unicode character –¥ (U+0434)
               not set up for use with LaTeX.

See the LaTeX manual or LaTeX Companion for explanation.
Type  H <return>  for immediate help.
 ...                                              
                                                  
l.1 ...—Ä—É–∫—Ü–∏–∏ –ø–æ –Ω–∞—Å—Ç—Ä–æ–π–∫–µ –∏–∑–¥
                                                  –∞—Ç–µ–ª—å—Å–∫–æ–π —Å–∏—Å—...

You may provide a definition with
\DeclareUnicodeCharacter 


! LaTeX Error: Unicode character –∞ (U+0430)
               not set up for use with LaTeX.

See the LaTeX manual or LaTeX Companion for explanation.
Type  H <return>  for immediate help.
 ...                                              
                                                  
l.1 ...—É–∫—Ü–∏–∏ –ø–æ –Ω–∞—Å—Ç—Ä–æ–π–∫–µ –∏–∑–¥–∞
                                                  —Ç–µ–ª—å—Å–∫–æ–π —Å–∏—Å—Ç–...

You may provide a definition with
\DeclareUnicodeCharacter 


! LaTeX Error: Unicode character —Ç (U+0442)
               not set up for use with LaTeX.

See the LaTeX manual or LaTeX Companion for explanation.
Type  H <return>  for immediate help.
 ...                                              
                                                  
l.1 ...–∫—Ü–∏–∏ –ø–æ –Ω–∞—Å—Ç—Ä–æ–π–∫–µ –∏–∑–¥–∞—Ç
                                                  –µ–ª—å—Å–∫–æ–π —Å–∏—Å—Ç–µ–...

You may provide a definition with
\DeclareUnicodeCharacter 


! LaTeX Error: Unicode character –µ (U+0435)
               not set up for use with LaTeX.

See the LaTeX manual or LaTeX Companion for explanation.
Type  H <return>  for immediate help.
 ...                                              
                                                  
l.1 ...—Ü–∏–∏ –ø–æ –Ω–∞—Å—Ç—Ä–æ–π–∫–µ –∏–∑–¥–∞—Ç–µ
                                                  –ª—å—Å–∫–æ–π —Å–∏—Å—Ç–µ–º—...

You may provide a definition with
\DeclareUnicodeCharacter 


! LaTeX Error: Unicode character –ª (U+043B)
               not set up for use with LaTeX.

See the LaTeX manual or LaTeX Companion for explanation.
Type  H <return>  for immediate help.
 ...                                              
                                                  
l.1 ...–∏–∏ –ø–æ –Ω–∞—Å—Ç—Ä–æ–π–∫–µ –∏–∑–¥–∞—Ç–µ–ª
                                                  —å—Å–∫–æ–π —Å–∏—Å—Ç–µ–º—ã ...

You may provide a definition with
\DeclareUnicodeCharacter 


! LaTeX Error: Unicode character —å (U+044C)
               not set up for use with LaTeX.

See the LaTeX manual or LaTeX Companion for explanation.
Type  H <return>  for immediate help.
 ...                                              
                                                  
l.1 ...–∏ –ø–æ –Ω–∞—Å—Ç—Ä–æ–π–∫–µ –∏–∑–¥–∞—Ç–µ–ª—å
                                                  —Å–∫–æ–π —Å–∏—Å—Ç–µ–º—ã \L...

You may provide a definition with
\DeclareUnicodeCharacter 


! LaTeX Error: Unicode character —Å (U+0441)
               not set up for use with LaTeX.

See the LaTeX manual or LaTeX Companion for explanation.
Type  H <return>  for immediate help.
 ...                                              
                                                  
l.1 ... –ø–æ –Ω–∞—Å—Ç—Ä–æ–π–∫–µ –∏–∑–¥–∞—Ç–µ–ª—å—Å
                                                  –∫–æ–π —Å–∏—Å—Ç–µ–º—ã \LaT...

You may provide a definition with
\DeclareUnicodeCharacter 


! LaTeX Error: Unicode character –∫ (U+043A)
               not set up for use with LaTeX.

See the LaTeX manual or LaTeX Companion for explanation.
Type  H <return>  for immediate help.
 ...                                              
                                                  
l.1 ...ø–æ –Ω–∞—Å—Ç—Ä–æ–π–∫–µ –∏–∑–¥–∞—Ç–µ–ª—å—Å–∫
                                                  –æ–π —Å–∏—Å—Ç–µ–º—ã \LaTeX...

You may provide a definition with
\DeclareUnicodeCharacter 


! LaTeX Error: Unicode character –æ (U+043E)
               not set up for use with LaTeX.

See the LaTeX manual or LaTeX Companion for explanation.
Type  H <return>  for immediate help.
 ...                                              
                                                  
l.1 ...æ –Ω–∞—Å—Ç—Ä–æ–π–∫–µ –∏–∑–¥–∞—Ç–µ–ª—å—Å–∫–æ
                                                  –π —Å–∏—Å—Ç–µ–º—ã \LaTeX}\...

You may provide a definition with
\DeclareUnicodeCharacter 


! LaTeX Error: Unicode character –π (U+0439)
               not set up for use with LaTeX.

See the LaTeX manual or LaTeX Companion for explanation.
Type  H <return>  for immediate help.
 ...                                              
                                                  
l.1 ...–Ω–∞—Å—Ç—Ä–æ–π–∫–µ –∏–∑–¥–∞—Ç–µ–ª—å—Å–∫–æ–π
                                                   —Å–∏—Å—Ç–µ–º—ã \LaTeX}\la...

You may provide a definition with
\DeclareUnicodeCharacter 


! LaTeX Error: Unicode character —Å (U+0441)
               not set up for use with LaTeX.

See the LaTeX manual or LaTeX Companion for explanation.
Type  H <return>  for immediate help.
 ...                                              
                                                  
l.1 ...∞—Å—Ç—Ä–æ–π–∫–µ –∏–∑–¥–∞—Ç–µ–ª—å—Å–∫–æ–π —Å
                                                  –∏—Å—Ç–µ–º—ã \LaTeX}\label...

You may provide a definition with
\DeclareUnicodeCharacter 


! LaTeX Error: Unicode character –∏ (U+0438)
               not set up for use with LaTeX.

See the LaTeX manual or LaTeX Companion for explanation.
Type  H <return>  for immediate help.
 ...                                              
                                                  
l.1 ...Å—Ç—Ä–æ–π–∫–µ –∏–∑–¥–∞—Ç–µ–ª—å—Å–∫–æ–π —Å–∏
                                                  —Å—Ç–µ–º—ã \LaTeX}\label{a...

You may provide a definition with
\DeclareUnicodeCharacter 


! LaTeX Error: Unicode character —Å (U+0441)
               not set up for use with LaTeX.

See the LaTeX manual or LaTeX Companion for explanation.
Type  H <return>  for immediate help.
 ...                                              
                                                  
l.1 ...Ç—Ä–æ–π–∫–µ –∏–∑–¥–∞—Ç–µ–ª—å—Å–∫–æ–π —Å–∏—Å
                                                  —Ç–µ–º—ã \LaTeX}\label{app...

You may provide a definition with
\DeclareUnicodeCharacter 


! LaTeX Error: Unicode character —Ç (U+0442)
               not set up for use with LaTeX.

See the LaTeX manual or LaTeX Companion for explanation.
Type  H <return>  for immediate help.
 ...                                              
                                                  
l.1 ...Ä–æ–π–∫–µ –∏–∑–¥–∞—Ç–µ–ª—å—Å–∫–æ–π —Å–∏—Å—Ç
                                                  –µ–º—ã \LaTeX}\label{appen...

You may provide a definition with
\DeclareUnicodeCharacter 


! LaTeX Error: Unicode character –µ (U+0435)
               not set up for use with LaTeX.

See the LaTeX manual or LaTeX Companion for explanation.
Type  H <return>  for immediate help.
 ...                                              
                                                  
l.1 ...æ–π–∫–µ –∏–∑–¥–∞—Ç–µ–ª—å—Å–∫–æ–π —Å–∏—Å—Ç–µ
                                                  –º—ã \LaTeX}\label{appendi...

You may provide a definition with
\DeclareUnicodeCharacter 


! LaTeX Error: Unicode character –º (U+043C)
               not set up for use with LaTeX.

See the LaTeX manual or LaTeX Companion for explanation.
Type  H <return>  for immediate help.
 ...                                              
                                                  
l.1 ...π–∫–µ –∏–∑–¥–∞—Ç–µ–ª—å—Å–∫–æ–π —Å–∏—Å—Ç–µ–º
                                                  —ã \LaTeX}\label{appendix-...

You may provide a definition with
\DeclareUnicodeCharacter 


! LaTeX Error: Unicode character —ã (U+044B)
               not set up for use with LaTeX.

See the LaTeX manual or LaTeX Companion for explanation.
Type  H <return>  for immediate help.
 ...                                              
                                                  
l.1 ...∫–µ –∏–∑–¥–∞—Ç–µ–ª—å—Å–∫–æ–π —Å–∏—Å—Ç–µ–º—ã
                                                   \LaTeX}\label{appendix-Mi...

You may provide a definition with
\DeclareUnicodeCharacter 


! LaTeX Error: Missing \begin{document}.

See the LaTeX manual or LaTeX Companion for explanation.
Type  H <return>  for immediate help.
 ...                                              
                                                  
l.1 ...∑–¥–∞—Ç–µ–ª—å—Å–∫–æ–π —Å–∏—Å—Ç–µ–º—ã \LaTeX
                                                  }\label{appendix-MikTeX-Te...

You're in trouble here.  Try typing  <return>  to proceed.
If that doesn't work, type  X <return>  to quit.

Missing character: There is no L in font nullfont!
Missing character: There is no T in font nullfont!
LaTeX Font Info:    External font `cmex10' loaded for size
(Font)              <7> on input line 1.
LaTeX Font Info:    External font `cmex10' loaded for size
(Font)              <5> on input line 1.
Missing character: There is no T in font nullfont!
Missing character: There is no E in font nullfont!
Missing character: There is no X in font nullfont!

Overfull \hbox (25.90282pt too wide) in paragraph at lines 1--3
[][][][] 
 []


! LaTeX Error: Unicode character –í (U+0412)
               not set up for use with LaTeX.

See the LaTeX manual or LaTeX Companion for explanation.
Type  H <return>  for immediate help.
 ...                                              
                                                  
l.4 –í
       SPbPU-BCI-template {\itshape –∞–≤—Ç–æ–º–∞—Ç–∏—á–µ—Å–∫–∏ –≤—ã—Å—Ç–∞–≤–...

You may provide a definition with
\DeclareUnicodeCharacter 


! LaTeX Error: Missing \begin{document}.

See the LaTeX manual or LaTeX Companion for explanation.
Type  H <return>  for immediate help.
 ...                                              
                                                  
l.4 –í S
        PbPU-BCI-template {\itshape –∞–≤—Ç–æ–º–∞—Ç–∏—á–µ—Å–∫–∏ –≤—ã—Å—Ç–∞–≤–...

You're in trouble here.  Try typing  <return>  to proceed.
If that doesn't work, type  X <return>  to quit.

Missing character: There is no S in font nullfont!
Missing character: There is no P in font nullfont!
Missing character: There is no b in font nullfont!
Missing character: There is no P in font nullfont!
Missing character: There is no U in font nullfont!
Missing character: There is no - in font nullfont!
Missing character: There is no B in font nullfont!
Missing character: There is no C in font nullfont!
Missing character: There is no I in font nullfont!
Missing character: There is no - in font nullfont!
Missing character: There is no t in font nullfont!
Missing character: There is no e in font nullfont!
Missing character: There is no m in font nullfont!
Missing character: There is no p in font nullfont!
Missing character: There is no l in font nullfont!
Missing character: There is no a in font nullfont!
Missing character: There is no t in font nullfont!
Missing character: There is no e in font nullfont!

! LaTeX Error: Unicode character –∞ (U+0430)
               not set up for use with LaTeX.

See the LaTeX manual or LaTeX Companion for explanation.
Type  H <return>  for immediate help.
 ...                                              
                                                  
l.4 –í SPbPU-BCI-template {\itshape –∞
                                      –≤—Ç–æ–º–∞—Ç–∏—á–µ—Å–∫–∏ –≤—ã—Å—Ç–∞–≤–...

You may provide a definition with
\DeclareUnicodeCharacter 


! LaTeX Error: Unicode character –≤ (U+0432)
               not set up for use with LaTeX.

See the LaTeX manual or LaTeX Companion for explanation.
Type  H <return>  for immediate help.
 ...                                              
                                                  
l.4 –í SPbPU-BCI-template {\itshape –∞–≤
                                        —Ç–æ–º–∞—Ç–∏—á–µ—Å–∫–∏ –≤—ã—Å—Ç–∞–≤–...

You may provide a definition with
\DeclareUnicodeCharacter 


! LaTeX Error: Unicode character —Ç (U+0442)
               not set up for use with LaTeX.

See the LaTeX manual or LaTeX Companion for explanation.
Type  H <return>  for immediate help.
 ...                                              
                                                  
l.4 –í SPbPU-BCI-template {\itshape –∞–≤—Ç
                                          –æ–º–∞—Ç–∏—á–µ—Å–∫–∏ –≤—ã—Å—Ç–∞–≤–...

You may provide a definition with
\DeclareUnicodeCharacter 


! LaTeX Error: Unicode character –æ (U+043E)
               not set up for use with LaTeX.

See the LaTeX manual or LaTeX Companion for explanation.
Type  H <return>  for immediate help.
 ...                                              
                                                  
l.4 –í SPbPU-BCI-template {\itshape –∞–≤—Ç–æ
                                            –º–∞—Ç–∏—á–µ—Å–∫–∏ –≤—ã—Å—Ç–∞–≤–...

You may provide a definition with
\DeclareUnicodeCharacter 


! LaTeX Error: Unicode character –º (U+043C)
               not set up for use with LaTeX.

See the LaTeX manual or LaTeX Companion for explanation.
Type  H <return>  for immediate help.
 ...                                              
                                                  
l.4 –í SPbPU-BCI-template {\itshape –∞–≤—Ç–æ–º
                                              –∞—Ç–∏—á–µ—Å–∫–∏ –≤—ã—Å—Ç–∞–≤–...

You may provide a definition with
\DeclareUnicodeCharacter 


! LaTeX Error: Unicode character –∞ (U+0430)
               not set up for use with LaTeX.

See the LaTeX manual or LaTeX Companion for explanation.
Type  H <return>  for immediate help.
 ...                                              
                                                  
l.4 –í SPbPU-BCI-template {\itshape –∞–≤—Ç–æ–º–∞
                                                —Ç–∏—á–µ—Å–∫–∏ –≤—ã—Å—Ç–∞–≤–...

You may provide a definition with
\DeclareUnicodeCharacter 


! LaTeX Error: Unicode character —Ç (U+0442)
               not set up for use with LaTeX.

See the LaTeX manual or LaTeX Companion for explanation.
Type  H <return>  for immediate help.
 ...                                              
                                                  
l.4 –í SPbPU-BCI-template {\itshape –∞–≤—Ç–æ–º–∞—Ç
                                                  –∏—á–µ—Å–∫–∏ –≤—ã—Å—Ç–∞–≤–...

You may provide a definition with
\DeclareUnicodeCharacter 


! LaTeX Error: Unicode character –∏ (U+0438)
               not set up for use with LaTeX.

See the LaTeX manual or LaTeX Companion for explanation.
Type  H <return>  for immediate help.
 ...                                              
                                                  
l.4 ...bPU-BCI-template {\itshape –∞–≤—Ç–æ–º–∞—Ç–∏
                                                  —á–µ—Å–∫–∏ –≤—ã—Å—Ç–∞–≤–ª—...

You may provide a definition with
\DeclareUnicodeCharacter 


! LaTeX Error: Unicode character —á (U+0447)
               not set up for use with LaTeX.

See the LaTeX manual or LaTeX Companion for explanation.
Type  H <return>  for immediate help.
 ...                                              
                                                  
l.4 ...U-BCI-template {\itshape –∞–≤—Ç–æ–º–∞—Ç–∏—á
                                                  –µ—Å–∫–∏ –≤—ã—Å—Ç–∞–≤–ª—è—...

You may provide a definition with
\DeclareUnicodeCharacter 


! LaTeX Error: Unicode character –µ (U+0435)
               not set up for use with LaTeX.

See the LaTeX manual or LaTeX Companion for explanation.
Type  H <return>  for immediate help.
 ...                                              
                                                  
l.4 ...BCI-template {\itshape –∞–≤—Ç–æ–º–∞—Ç–∏—á–µ
                                                  —Å–∫–∏ –≤—ã—Å—Ç–∞–≤–ª—è—é—...

You may provide a definition with
\DeclareUnicodeCharacter 


! LaTeX Error: Unicode character —Å (U+0441)
               not set up for use with LaTeX.

See the LaTeX manual or LaTeX Companion for explanation.
Type  H <return>  for immediate help.
 ...                                              
                                                  
l.4 ...I-template {\itshape –∞–≤—Ç–æ–º–∞—Ç–∏—á–µ—Å
                                                  –∫–∏ –≤—ã—Å—Ç–∞–≤–ª—è—é—Ç—...

You may provide a definition with
\DeclareUnicodeCharacter 


! LaTeX Error: Unicode character –∫ (U+043A)
               not set up for use with LaTeX.

See the LaTeX manual or LaTeX Companion for explanation.
Type  H <return>  for immediate help.
 ...                                              
                                                  
l.4 ...template {\itshape –∞–≤—Ç–æ–º–∞—Ç–∏—á–µ—Å–∫
                                                  –∏ –≤—ã—Å—Ç–∞–≤–ª—è—é—Ç—Å—...

You may provide a definition with
\DeclareUnicodeCharacter 


! LaTeX Error: Unicode character –∏ (U+0438)
               not set up for use with LaTeX.

See the LaTeX manual or LaTeX Companion for explanation.
Type  H <return>  for immediate help.
 ...                                              
                                                  
l.4 ...mplate {\itshape –∞–≤—Ç–æ–º–∞—Ç–∏—á–µ—Å–∫–∏
                                                   –≤—ã—Å—Ç–∞–≤–ª—è—é—Ç—Å—è ...

You may provide a definition with
\DeclareUnicodeCharacter 


! LaTeX Error: Unicode character –≤ (U+0432)
               not set up for use with LaTeX.

See the LaTeX manual or LaTeX Companion for explanation.
Type  H <return>  for immediate help.
 ...                                              
                                                  
l.4 ...ate {\itshape –∞–≤—Ç–æ–º–∞—Ç–∏—á–µ—Å–∫–∏ –≤
                                                  —ã—Å—Ç–∞–≤–ª—è—é—Ç—Å—è –Ω–...

You may provide a definition with
\DeclareUnicodeCharacter 


! LaTeX Error: Unicode character —ã (U+044B)
               not set up for use with LaTeX.

See the LaTeX manual or LaTeX Companion for explanation.
Type  H <return>  for immediate help.
 ...                                              
                                                  
l.4 ...e {\itshape –∞–≤—Ç–æ–º–∞—Ç–∏—á–µ—Å–∫–∏ –≤—ã
                                                  —Å—Ç–∞–≤–ª—è—é—Ç—Å—è –Ω–µ–...

You may provide a definition with
\DeclareUnicodeCharacter 


! LaTeX Error: Unicode character —Å (U+0441)
               not set up for use with LaTeX.

See the LaTeX manual or LaTeX Companion for explanation.
Type  H <return>  for immediate help.
 ...                                              
                                                  
l.4 ...{\itshape –∞–≤—Ç–æ–º–∞—Ç–∏—á–µ—Å–∫–∏ –≤—ã—Å
                                                  —Ç–∞–≤–ª—è—é—Ç—Å—è –Ω–µ–æ–...

You may provide a definition with
\DeclareUnicodeCharacter 


! LaTeX Error: Unicode character —Ç (U+0442)
               not set up for use with LaTeX.

See the LaTeX manual or LaTeX Companion for explanation.
Type  H <return>  for immediate help.
 ...                                              
                                                  
l.4 ...itshape –∞–≤—Ç–æ–º–∞—Ç–∏—á–µ—Å–∫–∏ –≤—ã—Å—Ç
                                                  –∞–≤–ª—è—é—Ç—Å—è –Ω–µ–æ–±—...

You may provide a definition with
\DeclareUnicodeCharacter 


! LaTeX Error: Unicode character –∞ (U+0430)
               not set up for use with LaTeX.

See the LaTeX manual or LaTeX Companion for explanation.
Type  H <return>  for immediate help.
 ...                                              
                                                  
l.4 ...shape –∞–≤—Ç–æ–º–∞—Ç–∏—á–µ—Å–∫–∏ –≤—ã—Å—Ç–∞
                                                  –≤–ª—è—é—Ç—Å—è –Ω–µ–æ–±—Ö–...

You may provide a definition with
\DeclareUnicodeCharacter 


! LaTeX Error: Unicode character –≤ (U+0432)
               not set up for use with LaTeX.

See the LaTeX manual or LaTeX Companion for explanation.
Type  H <return>  for immediate help.
 ...                                              
                                                  
l.4 ...ape –∞–≤—Ç–æ–º–∞—Ç–∏—á–µ—Å–∫–∏ –≤—ã—Å—Ç–∞–≤
                                                  –ª—è—é—Ç—Å—è –Ω–µ–æ–±—Ö–æ–...

You may provide a definition with
\DeclareUnicodeCharacter 


! LaTeX Error: Unicode character –ª (U+043B)
               not set up for use with LaTeX.

See the LaTeX manual or LaTeX Companion for explanation.
Type  H <return>  for immediate help.
 ...                                              
                                                  
l.4 ...e –∞–≤—Ç–æ–º–∞—Ç–∏—á–µ—Å–∫–∏ –≤—ã—Å—Ç–∞–≤–ª
                                                  —è—é—Ç—Å—è –Ω–µ–æ–±—Ö–æ–¥–...

You may provide a definition with
\DeclareUnicodeCharacter 


! LaTeX Error: Unicode character —è (U+044F)
               not set up for use with LaTeX.

See the LaTeX manual or LaTeX Companion for explanation.
Type  H <return>  for immediate help.
 ...                                              
                                                  
l.4 ...–∞–≤—Ç–æ–º–∞—Ç–∏—á–µ—Å–∫–∏ –≤—ã—Å—Ç–∞–≤–ª—è
                                                  —é—Ç—Å—è –Ω–µ–æ–±—Ö–æ–¥–∏–...

You may provide a definition with
\DeclareUnicodeCharacter 


! LaTeX Error: Unicode character —é (U+044E)
               not set up for use with LaTeX.

See the LaTeX manual or LaTeX Companion for explanation.
Type  H <return>  for immediate help.
 ...                                              
                                                  
l.4 ...–≤—Ç–æ–º–∞—Ç–∏—á–µ—Å–∫–∏ –≤—ã—Å—Ç–∞–≤–ª—è—é
                                                  —Ç—Å—è –Ω–µ–æ–±—Ö–æ–¥–∏–º—...

You may provide a definition with
\DeclareUnicodeCharacter 


! LaTeX Error: Unicode character —Ç (U+0442)
               not set up for use with LaTeX.

See the LaTeX manual or LaTeX Companion for explanation.
Type  H <return>  for immediate help.
 ...                                              
                                                  
l.4 ...—Ç–æ–º–∞—Ç–∏—á–µ—Å–∫–∏ –≤—ã—Å—Ç–∞–≤–ª—è—é—Ç
                                                  —Å—è –Ω–µ–æ–±—Ö–æ–¥–∏–º—ã–...

You may provide a definition with
\DeclareUnicodeCharacter 


! LaTeX Error: Unicode character —Å (U+0441)
               not set up for use with LaTeX.

See the LaTeX manual or LaTeX Companion for explanation.
Type  H <return>  for immediate help.
 ...                                              
                                                  
l.4 ...–æ–º–∞—Ç–∏—á–µ—Å–∫–∏ –≤—ã—Å—Ç–∞–≤–ª—è—é—Ç—Å
                                                  —è –Ω–µ–æ–±—Ö–æ–¥–∏–º—ã–µ ...

You may provide a definition with
\DeclareUnicodeCharacter 


! LaTeX Error: Unicode character —è (U+044F)
               not set up for use with LaTeX.

See the LaTeX manual or LaTeX Companion for explanation.
Type  H <return>  for immediate help.
 ...                                              
                                                  
l.4 ...–º–∞—Ç–∏—á–µ—Å–∫–∏ –≤—ã—Å—Ç–∞–≤–ª—è—é—Ç—Å—è
                                                   –Ω–µ–æ–±—Ö–æ–¥–∏–º—ã–µ –Ω...

You may provide a definition with
\DeclareUnicodeCharacter 


! LaTeX Error: Unicode character –Ω (U+043D)
               not set up for use with LaTeX.

See the LaTeX manual or LaTeX Companion for explanation.
Type  H <return>  for immediate help.
 ...                                              
                                                  
l.4 ...∞—Ç–∏—á–µ—Å–∫–∏ –≤—ã—Å—Ç–∞–≤–ª—è—é—Ç—Å—è –Ω
                                                  –µ–æ–±—Ö–æ–¥–∏–º—ã–µ –Ω–∞—...

You may provide a definition with
\DeclareUnicodeCharacter 


! LaTeX Error: Unicode character –µ (U+0435)
               not set up for use with LaTeX.

See the LaTeX manual or LaTeX Companion for explanation.
Type  H <return>  for immediate help.
 ...                                              
                                                  
l.4 ...Ç–∏—á–µ—Å–∫–∏ –≤—ã—Å—Ç–∞–≤–ª—è—é—Ç—Å—è –Ω–µ
                                                  –æ–±—Ö–æ–¥–∏–º—ã–µ –Ω–∞—Å—...

You may provide a definition with
\DeclareUnicodeCharacter 


! LaTeX Error: Unicode character –æ (U+043E)
               not set up for use with LaTeX.

See the LaTeX manual or LaTeX Companion for explanation.
Type  H <return>  for immediate help.
 ...                                              
                                                  
l.4 ...∏—á–µ—Å–∫–∏ –≤—ã—Å—Ç–∞–≤–ª—è—é—Ç—Å—è –Ω–µ–æ
                                                  –±—Ö–æ–¥–∏–º—ã–µ –Ω–∞—Å—Ç—...

You may provide a definition with
\DeclareUnicodeCharacter 


! LaTeX Error: Unicode character –± (U+0431)
               not set up for use with LaTeX.

See the LaTeX manual or LaTeX Companion for explanation.
Type  H <return>  for immediate help.
 ...                                              
                                                  
l.4 ...á–µ—Å–∫–∏ –≤—ã—Å—Ç–∞–≤–ª—è—é—Ç—Å—è –Ω–µ–æ–±
                                                  —Ö–æ–¥–∏–º—ã–µ –Ω–∞—Å—Ç—Ä–...

You may provide a definition with
\DeclareUnicodeCharacter 


! LaTeX Error: Unicode character —Ö (U+0445)
               not set up for use with LaTeX.

See the LaTeX manual or LaTeX Companion for explanation.
Type  H <return>  for immediate help.
 ...                                              
                                                  
l.4 ...µ—Å–∫–∏ –≤—ã—Å—Ç–∞–≤–ª—è—é—Ç—Å—è –Ω–µ–æ–±—Ö
                                                  –æ–¥–∏–º—ã–µ –Ω–∞—Å—Ç—Ä–æ–...

You may provide a definition with
\DeclareUnicodeCharacter 


! LaTeX Error: Unicode character –æ (U+043E)
               not set up for use with LaTeX.

See the LaTeX manual or LaTeX Companion for explanation.
Type  H <return>  for immediate help.
 ...                                              
                                                  
l.4 ...Å–∫–∏ –≤—ã—Å—Ç–∞–≤–ª—è—é—Ç—Å—è –Ω–µ–æ–±—Ö–æ
                                                  –¥–∏–º—ã–µ –Ω–∞—Å—Ç—Ä–æ–π–...

You may provide a definition with
\DeclareUnicodeCharacter 


! LaTeX Error: Unicode character –¥ (U+0434)
               not set up for use with LaTeX.

See the LaTeX manual or LaTeX Companion for explanation.
Type  H <return>  for immediate help.
 ...                                              
                                                  
l.4 ...∫–∏ –≤—ã—Å—Ç–∞–≤–ª—è—é—Ç—Å—è –Ω–µ–æ–±—Ö–æ–¥
                                                  –∏–º—ã–µ –Ω–∞—Å—Ç—Ä–æ–π–∫–...

You may provide a definition with
\DeclareUnicodeCharacter 


! LaTeX Error: Unicode character –∏ (U+0438)
               not set up for use with LaTeX.

See the LaTeX manual or LaTeX Companion for explanation.
Type  H <return>  for immediate help.
 ...                                              
                                                  
l.4 ...∏ –≤—ã—Å—Ç–∞–≤–ª—è—é—Ç—Å—è –Ω–µ–æ–±—Ö–æ–¥–∏
                                                  –º—ã–µ –Ω–∞—Å—Ç—Ä–æ–π–∫–∏ ...

You may provide a definition with
\DeclareUnicodeCharacter 


! LaTeX Error: Unicode character –º (U+043C)
               not set up for use with LaTeX.

See the LaTeX manual or LaTeX Companion for explanation.
Type  H <return>  for immediate help.
 ...                                              
                                                  
l.4 ...–≤—ã—Å—Ç–∞–≤–ª—è—é—Ç—Å—è –Ω–µ–æ–±—Ö–æ–¥–∏–º
                                                  —ã–µ –Ω–∞—Å—Ç—Ä–æ–π–∫–∏ –∏...

You may provide a definition with
\DeclareUnicodeCharacter 


! LaTeX Error: Unicode character —ã (U+044B)
               not set up for use with LaTeX.

See the LaTeX manual or LaTeX Companion for explanation.
Type  H <return>  for immediate help.
 ...                                              
                                                  
l.4 ...—ã—Å—Ç–∞–≤–ª—è—é—Ç—Å—è –Ω–µ–æ–±—Ö–æ–¥–∏–º—ã
                                                  –µ –Ω–∞—Å—Ç—Ä–æ–π–∫–∏ –∏ –...

You may provide a definition with
\DeclareUnicodeCharacter 


! LaTeX Error: Unicode character –µ (U+0435)
               not set up for use with LaTeX.

See the LaTeX manual or LaTeX Companion for explanation.
Type  H <return>  for immediate help.
 ...                                              
                                                  
l.4 ...—Å—Ç–∞–≤–ª—è—é—Ç—Å—è –Ω–µ–æ–±—Ö–æ–¥–∏–º—ã–µ
                                                   –Ω–∞—Å—Ç—Ä–æ–π–∫–∏ –∏ –≤ ...

You may provide a definition with
\DeclareUnicodeCharacter 


! LaTeX Error: Unicode character –Ω (U+043D)
               not set up for use with LaTeX.

See the LaTeX manual or LaTeX Companion for explanation.
Type  H <return>  for immediate help.
 ...                                              
                                                  
l.4 ...Ç–∞–≤–ª—è—é—Ç—Å—è –Ω–µ–æ–±—Ö–æ–¥–∏–º—ã–µ –Ω
                                                  –∞—Å—Ç—Ä–æ–π–∫–∏ –∏ –≤ –∏—...

You may provide a definition with
\DeclareUnicodeCharacter 


! LaTeX Error: Unicode character –∞ (U+0430)
               not set up for use with LaTeX.

See the LaTeX manual or LaTeX Companion for explanation.
Type  H <return>  for immediate help.
 ...                                              
                                                  
l.4 ...∞–≤–ª—è—é—Ç—Å—è –Ω–µ–æ–±—Ö–æ–¥–∏–º—ã–µ –Ω–∞
                                                  —Å—Ç—Ä–æ–π–∫–∏ –∏ –≤ –∏—Å—...

You may provide a definition with
\DeclareUnicodeCharacter 


! LaTeX Error: Unicode character —Å (U+0441)
               not set up for use with LaTeX.

See the LaTeX manual or LaTeX Companion for explanation.
Type  H <return>  for immediate help.
 ...                                              
                                                  
l.4 ...≤–ª—è—é—Ç—Å—è –Ω–µ–æ–±—Ö–æ–¥–∏–º—ã–µ –Ω–∞—Å
                                                  —Ç—Ä–æ–π–∫–∏ –∏ –≤ –∏—Å—Ö–...

You may provide a definition with
\DeclareUnicodeCharacter 


! LaTeX Error: Unicode character —Ç (U+0442)
               not set up for use with LaTeX.

See the LaTeX manual or LaTeX Companion for explanation.
Type  H <return>  for immediate help.
 ...                                              
                                                  
l.4 ...ª—è—é—Ç—Å—è –Ω–µ–æ–±—Ö–æ–¥–∏–º—ã–µ –Ω–∞—Å—Ç
                                                  —Ä–æ–π–∫–∏ –∏ –≤ –∏—Å—Ö–æ–...

You may provide a definition with
\DeclareUnicodeCharacter 


! LaTeX Error: Unicode character —Ä (U+0440)
               not set up for use with LaTeX.

See the LaTeX manual or LaTeX Companion for explanation.
Type  H <return>  for immediate help.
 ...                                              
                                                  
l.4 ...è—é—Ç—Å—è –Ω–µ–æ–±—Ö–æ–¥–∏–º—ã–µ –Ω–∞—Å—Ç—Ä
                                                  –æ–π–∫–∏ –∏ –≤ –∏—Å—Ö–æ–¥–...

You may provide a definition with
\DeclareUnicodeCharacter 


! LaTeX Error: Unicode character –æ (U+043E)
               not set up for use with LaTeX.

See the LaTeX manual or LaTeX Companion for explanation.
Type  H <return>  for immediate help.
 ...                                              
                                                  
l.4 ...é—Ç—Å—è –Ω–µ–æ–±—Ö–æ–¥–∏–º—ã–µ –Ω–∞—Å—Ç—Ä–æ
                                                  –π–∫–∏ –∏ –≤ –∏—Å—Ö–æ–¥–Ω–...

You may provide a definition with
\DeclareUnicodeCharacter 


! LaTeX Error: Unicode character –π (U+0439)
               not set up for use with LaTeX.

See the LaTeX manual or LaTeX Companion for explanation.
Type  H <return>  for immediate help.
 ...                                              
                                                  
l.4 ...Ç—Å—è –Ω–µ–æ–±—Ö–æ–¥–∏–º—ã–µ –Ω–∞—Å—Ç—Ä–æ–π
                                                  –∫–∏ –∏ –≤ –∏—Å—Ö–æ–¥–Ω–æ–...

You may provide a definition with
\DeclareUnicodeCharacter 


! LaTeX Error: Unicode character –∫ (U+043A)
               not set up for use with LaTeX.

See the LaTeX manual or LaTeX Companion for explanation.
Type  H <return>  for immediate help.
 ...                                              
                                                  
l.4 ...Å—è –Ω–µ–æ–±—Ö–æ–¥–∏–º—ã–µ –Ω–∞—Å—Ç—Ä–æ–π–∫
                                                  –∏ –∏ –≤ –∏—Å—Ö–æ–¥–Ω–æ–º ...

You may provide a definition with
\DeclareUnicodeCharacter 


! LaTeX Error: Unicode character –∏ (U+0438)
               not set up for use with LaTeX.

See the LaTeX manual or LaTeX Companion for explanation.
Type  H <return>  for immediate help.
 ...                                              
                                                  
l.4 ...è –Ω–µ–æ–±—Ö–æ–¥–∏–º—ã–µ –Ω–∞—Å—Ç—Ä–æ–π–∫–∏
                                                   –∏ –≤ –∏—Å—Ö–æ–¥–Ω–æ–º —Ç...

You may provide a definition with
\DeclareUnicodeCharacter 


! LaTeX Error: Unicode character –∏ (U+0438)
               not set up for use with LaTeX.

See the LaTeX manual or LaTeX Companion for explanation.
Type  H <return>  for immediate help.
 ...                                              
                                                  
l.4 ...Ω–µ–æ–±—Ö–æ–¥–∏–º—ã–µ –Ω–∞—Å—Ç—Ä–æ–π–∫–∏ –∏
                                                   –≤ –∏—Å—Ö–æ–¥–Ω–æ–º —Ç–µ–...

You may provide a definition with
\DeclareUnicodeCharacter 


! LaTeX Error: Unicode character –≤ (U+0432)
               not set up for use with LaTeX.

See the LaTeX manual or LaTeX Companion for explanation.
Type  H <return>  for immediate help.
 ...                                              
                                                  
l.4 ...–æ–±—Ö–æ–¥–∏–º—ã–µ –Ω–∞—Å—Ç—Ä–æ–π–∫–∏ –∏ –≤
                                                   –∏—Å—Ö–æ–¥–Ω–æ–º —Ç–µ–∫—Å...

You may provide a definition with
\DeclareUnicodeCharacter 


! LaTeX Error: Unicode character –∏ (U+0438)
               not set up for use with LaTeX.

See the LaTeX manual or LaTeX Companion for explanation.
Type  H <return>  for immediate help.
 ...                                              
                                                  
l.4 ...±—Ö–æ–¥–∏–º—ã–µ –Ω–∞—Å—Ç—Ä–æ–π–∫–∏ –∏ –≤ –∏
                                                  —Å—Ö–æ–¥–Ω–æ–º —Ç–µ–∫—Å—Ç–...

You may provide a definition with
\DeclareUnicodeCharacter 


! LaTeX Error: Unicode character —Å (U+0441)
               not set up for use with LaTeX.

See the LaTeX manual or LaTeX Companion for explanation.
Type  H <return>  for immediate help.
 ...                                              
                                                  
l.4 ...Ö–æ–¥–∏–º—ã–µ –Ω–∞—Å—Ç—Ä–æ–π–∫–∏ –∏ –≤ –∏—Å
                                                  —Ö–æ–¥–Ω–æ–º —Ç–µ–∫—Å—Ç–µ ...

You may provide a definition with
\DeclareUnicodeCharacter 


! LaTeX Error: Unicode character —Ö (U+0445)
               not set up for use with LaTeX.

See the LaTeX manual or LaTeX Companion for explanation.
Type  H <return>  for immediate help.
 ...                                              
                                                  
l.4 ...æ–¥–∏–º—ã–µ –Ω–∞—Å—Ç—Ä–æ–π–∫–∏ –∏ –≤ –∏—Å—Ö
                                                  –æ–¥–Ω–æ–º —Ç–µ–∫—Å—Ç–µ —à...

You may provide a definition with
\DeclareUnicodeCharacter 


! LaTeX Error: Unicode character –æ (U+043E)
               not set up for use with LaTeX.

See the LaTeX manual or LaTeX Companion for explanation.
Type  H <return>  for immediate help.
 ...                                              
                                                  
l.4 ...¥–∏–º—ã–µ –Ω–∞—Å—Ç—Ä–æ–π–∫–∏ –∏ –≤ –∏—Å—Ö–æ
                                                  –¥–Ω–æ–º —Ç–µ–∫—Å—Ç–µ —à–∞...

You may provide a definition with
\DeclareUnicodeCharacter 


! LaTeX Error: Unicode character –¥ (U+0434)
               not set up for use with LaTeX.

See the LaTeX manual or LaTeX Companion for explanation.
Type  H <return>  for immediate help.
 ...                                              
                                                  
l.4 ...∏–º—ã–µ –Ω–∞—Å—Ç—Ä–æ–π–∫–∏ –∏ –≤ –∏—Å—Ö–æ–¥
                                                  –Ω–æ–º —Ç–µ–∫—Å—Ç–µ —à–∞–±...

You may provide a definition with
\DeclareUnicodeCharacter 


! LaTeX Error: Unicode character –Ω (U+043D)
               not set up for use with LaTeX.

See the LaTeX manual or LaTeX Companion for explanation.
Type  H <return>  for immediate help.
 ...                                              
                                                  
l.4 ...º—ã–µ –Ω–∞—Å—Ç—Ä–æ–π–∫–∏ –∏ –≤ –∏—Å—Ö–æ–¥–Ω
                                                  –æ–º —Ç–µ–∫—Å—Ç–µ —à–∞–±–ª...

You may provide a definition with
\DeclareUnicodeCharacter 


! LaTeX Error: Unicode character –æ (U+043E)
               not set up for use with LaTeX.

See the LaTeX manual or LaTeX Companion for explanation.
Type  H <return>  for immediate help.
 ...                                              
                                                  
l.4 ...ã–µ –Ω–∞—Å—Ç—Ä–æ–π–∫–∏ –∏ –≤ –∏—Å—Ö–æ–¥–Ω–æ
                                                  –º —Ç–µ–∫—Å—Ç–µ —à–∞–±–ª–æ...

You may provide a definition with
\DeclareUnicodeCharacter 


! LaTeX Error: Unicode character –º (U+043C)
               not set up for use with LaTeX.

See the LaTeX manual or LaTeX Companion for explanation.
Type  H <return>  for immediate help.
 ...                                              
                                                  
l.4 ...µ –Ω–∞—Å—Ç—Ä–æ–π–∫–∏ –∏ –≤ –∏—Å—Ö–æ–¥–Ω–æ–º
                                                   —Ç–µ–∫—Å—Ç–µ —à–∞–±–ª–æ–Ω...

You may provide a definition with
\DeclareUnicodeCharacter 


! LaTeX Error: Unicode character —Ç (U+0442)
               not set up for use with LaTeX.

See the LaTeX manual or LaTeX Companion for explanation.
Type  H <return>  for immediate help.
 ...                                              
                                                  
l.4 ...Ω–∞—Å—Ç—Ä–æ–π–∫–∏ –∏ –≤ –∏—Å—Ö–æ–¥–Ω–æ–º —Ç
                                                  –µ–∫—Å—Ç–µ —à–∞–±–ª–æ–Ω–∞ ...

You may provide a definition with
\DeclareUnicodeCharacter 


! LaTeX Error: Unicode character –µ (U+0435)
               not set up for use with LaTeX.

See the LaTeX manual or LaTeX Companion for explanation.
Type  H <return>  for immediate help.
 ...                                              
                                                  
l.4 ...∞—Å—Ç—Ä–æ–π–∫–∏ –∏ –≤ –∏—Å—Ö–æ–¥–Ω–æ–º —Ç–µ
                                                  –∫—Å—Ç–µ —à–∞–±–ª–æ–Ω–∞ –ø...

You may provide a definition with
\DeclareUnicodeCharacter 


! LaTeX Error: Unicode character –∫ (U+043A)
               not set up for use with LaTeX.

See the LaTeX manual or LaTeX Companion for explanation.
Type  H <return>  for immediate help.
 ...                                              
                                                  
l.4 ...Å—Ç—Ä–æ–π–∫–∏ –∏ –≤ –∏—Å—Ö–æ–¥–Ω–æ–º —Ç–µ–∫
                                                  —Å—Ç–µ —à–∞–±–ª–æ–Ω–∞ –ø—Ä...

You may provide a definition with
\DeclareUnicodeCharacter 


! LaTeX Error: Unicode character —Å (U+0441)
               not set up for use with LaTeX.

See the LaTeX manual or LaTeX Companion for explanation.
Type  H <return>  for immediate help.
 ...                                              
                                                  
l.4 ...Ç—Ä–æ–π–∫–∏ –∏ –≤ –∏—Å—Ö–æ–¥–Ω–æ–º —Ç–µ–∫—Å
                                                  —Ç–µ —à–∞–±–ª–æ–Ω–∞ –ø—Ä–∏...

You may provide a definition with
\DeclareUnicodeCharacter 


! LaTeX Error: Unicode character —Ç (U+0442)
               not set up for use with LaTeX.

See the LaTeX manual or LaTeX Companion for explanation.
Type  H <return>  for immediate help.
 ...                                              
                                                  
l.4 ...Ä–æ–π–∫–∏ –∏ –≤ –∏—Å—Ö–æ–¥–Ω–æ–º —Ç–µ–∫—Å—Ç
                                                  –µ —à–∞–±–ª–æ–Ω–∞ –ø—Ä–∏–≤...

You may provide a definition with
\DeclareUnicodeCharacter 


! LaTeX Error: Unicode character –µ (U+0435)
               not set up for use with LaTeX.

See the LaTeX manual or LaTeX Companion for explanation.
Type  H <return>  for immediate help.
 ...                                              
                                                  
l.4 ...æ–π–∫–∏ –∏ –≤ –∏—Å—Ö–æ–¥–Ω–æ–º —Ç–µ–∫—Å—Ç–µ
                                                   —à–∞–±–ª–æ–Ω–∞ –ø—Ä–∏–≤–µ...

You may provide a definition with
\DeclareUnicodeCharacter 


! LaTeX Error: Unicode character —à (U+0448)
               not set up for use with LaTeX.

See the LaTeX manual or LaTeX Companion for explanation.
Type  H <return>  for immediate help.
 ...                                              
                                                  
l.4 ...–∫–∏ –∏ –≤ –∏—Å—Ö–æ–¥–Ω–æ–º —Ç–µ–∫—Å—Ç–µ —à
                                                  –∞–±–ª–æ–Ω–∞ –ø—Ä–∏–≤–µ–¥–...

You may provide a definition with
\DeclareUnicodeCharacter 


! LaTeX Error: Unicode character –∞ (U+0430)
               not set up for use with LaTeX.

See the LaTeX manual or LaTeX Companion for explanation.
Type  H <return>  for immediate help.
 ...                                              
                                                  
l.4 ...–∏ –∏ –≤ –∏—Å—Ö–æ–¥–Ω–æ–º —Ç–µ–∫—Å—Ç–µ —à–∞
                                                  –±–ª–æ–Ω–∞ –ø—Ä–∏–≤–µ–¥–µ–...

You may provide a definition with
\DeclareUnicodeCharacter 


! LaTeX Error: Unicode character –± (U+0431)
               not set up for use with LaTeX.

See the LaTeX manual or LaTeX Companion for explanation.
Type  H <return>  for immediate help.
 ...                                              
                                                  
l.4 ... –∏ –≤ –∏—Å—Ö–æ–¥–Ω–æ–º —Ç–µ–∫—Å—Ç–µ —à–∞–±
                                                  –ª–æ–Ω–∞ –ø—Ä–∏–≤–µ–¥–µ–Ω—...

You may provide a definition with
\DeclareUnicodeCharacter 


! LaTeX Error: Unicode character –ª (U+043B)
               not set up for use with LaTeX.

See the LaTeX manual or LaTeX Companion for explanation.
Type  H <return>  for immediate help.
 ...                                              
                                                  
l.4 ...∏ –≤ –∏—Å—Ö–æ–¥–Ω–æ–º —Ç–µ–∫—Å—Ç–µ —à–∞–±–ª
                                                  –æ–Ω–∞ –ø—Ä–∏–≤–µ–¥–µ–Ω—ã ...

You may provide a definition with
\DeclareUnicodeCharacter 


! LaTeX Error: Unicode character –æ (U+043E)
               not set up for use with LaTeX.

See the LaTeX manual or LaTeX Companion for explanation.
Type  H <return>  for immediate help.
 ...                                              
                                                  
l.4 ...–≤ –∏—Å—Ö–æ–¥–Ω–æ–º —Ç–µ–∫—Å—Ç–µ —à–∞–±–ª–æ
                                                  –Ω–∞ –ø—Ä–∏–≤–µ–¥–µ–Ω—ã –ø...

You may provide a definition with
\DeclareUnicodeCharacter 


! LaTeX Error: Unicode character –Ω (U+043D)
               not set up for use with LaTeX.

See the LaTeX manual or LaTeX Companion for explanation.
Type  H <return>  for immediate help.
 ...                                              
                                                  
l.4 ... –∏—Å—Ö–æ–¥–Ω–æ–º —Ç–µ–∫—Å—Ç–µ —à–∞–±–ª–æ–Ω
                                                  –∞ –ø—Ä–∏–≤–µ–¥–µ–Ω—ã –ø—Ä...

You may provide a definition with
\DeclareUnicodeCharacter 


! LaTeX Error: Unicode character –∞ (U+0430)
               not set up for use with LaTeX.

See the LaTeX manual or LaTeX Companion for explanation.
Type  H <return>  for immediate help.
 ...                                              
                                                  
l.4 ...∏—Å—Ö–æ–¥–Ω–æ–º —Ç–µ–∫—Å—Ç–µ —à–∞–±–ª–æ–Ω–∞
                                                   –ø—Ä–∏–≤–µ–¥–µ–Ω—ã –ø—Ä–∏...

You may provide a definition with
\DeclareUnicodeCharacter 


! LaTeX Error: Unicode character –ø (U+043F)
               not set up for use with LaTeX.

See the LaTeX manual or LaTeX Companion for explanation.
Type  H <return>  for immediate help.
 ...                                              
                                                  
l.4 ...—Ö–æ–¥–Ω–æ–º —Ç–µ–∫—Å—Ç–µ —à–∞–±–ª–æ–Ω–∞ –ø
                                                  —Ä–∏–≤–µ–¥–µ–Ω—ã –ø—Ä–∏–º–...

You may provide a definition with
\DeclareUnicodeCharacter 


! LaTeX Error: Unicode character —Ä (U+0440)
               not set up for use with LaTeX.

See the LaTeX manual or LaTeX Companion for explanation.
Type  H <return>  for immediate help.
 ...                                              
                                                  
l.4 ...–æ–¥–Ω–æ–º —Ç–µ–∫—Å—Ç–µ —à–∞–±–ª–æ–Ω–∞ –ø—Ä
                                                  –∏–≤–µ–¥–µ–Ω—ã –ø—Ä–∏–º–µ—...

You may provide a definition with
\DeclareUnicodeCharacter 


! LaTeX Error: Unicode character –∏ (U+0438)
               not set up for use with LaTeX.

See the LaTeX manual or LaTeX Companion for explanation.
Type  H <return>  for immediate help.
 ...                                              
                                                  
l.4 ...–¥–Ω–æ–º —Ç–µ–∫—Å—Ç–µ —à–∞–±–ª–æ–Ω–∞ –ø—Ä–∏
                                                  –≤–µ–¥–µ–Ω—ã –ø—Ä–∏–º–µ—Ä—...

You may provide a definition with
\DeclareUnicodeCharacter 


! LaTeX Error: Unicode character –≤ (U+0432)
               not set up for use with LaTeX.

See the LaTeX manual or LaTeX Companion for explanation.
Type  H <return>  for immediate help.
 ...                                              
                                                  
l.4 ...–Ω–æ–º —Ç–µ–∫—Å—Ç–µ —à–∞–±–ª–æ–Ω–∞ –ø—Ä–∏–≤
                                                  –µ–¥–µ–Ω—ã –ø—Ä–∏–º–µ—Ä—ã ...

You may provide a definition with
\DeclareUnicodeCharacter 


! LaTeX Error: Unicode character –µ (U+0435)
               not set up for use with LaTeX.

See the LaTeX manual or LaTeX Companion for explanation.
Type  H <return>  for immediate help.
 ...                                              
                                                  
l.4 ...–æ–º —Ç–µ–∫—Å—Ç–µ —à–∞–±–ª–æ–Ω–∞ –ø—Ä–∏–≤–µ
                                                  –¥–µ–Ω—ã –ø—Ä–∏–º–µ—Ä—ã –æ...

You may provide a definition with
\DeclareUnicodeCharacter 


! LaTeX Error: Unicode character –¥ (U+0434)
               not set up for use with LaTeX.

See the LaTeX manual or LaTeX Companion for explanation.
Type  H <return>  for immediate help.
 ...                                              
                                                  
l.4 ...–º —Ç–µ–∫—Å—Ç–µ —à–∞–±–ª–æ–Ω–∞ –ø—Ä–∏–≤–µ–¥
                                                  –µ–Ω—ã –ø—Ä–∏–º–µ—Ä—ã –æ—Ñ...

You may provide a definition with
\DeclareUnicodeCharacter 


! LaTeX Error: Unicode character –µ (U+0435)
               not set up for use with LaTeX.

See the LaTeX manual or LaTeX Companion for explanation.
Type  H <return>  for immediate help.
 ...                                              
                                                  
l.4 ... —Ç–µ–∫—Å—Ç–µ —à–∞–±–ª–æ–Ω–∞ –ø—Ä–∏–≤–µ–¥–µ
                                                  –Ω—ã –ø—Ä–∏–º–µ—Ä—ã –æ—Ñ–æ...

You may provide a definition with
\DeclareUnicodeCharacter 


! LaTeX Error: Unicode character –Ω (U+043D)
               not set up for use with LaTeX.

See the LaTeX manual or LaTeX Companion for explanation.
Type  H <return>  for immediate help.
 ...                                              
                                                  
l.4 ...Ç–µ–∫—Å—Ç–µ —à–∞–±–ª–æ–Ω–∞ –ø—Ä–∏–≤–µ–¥–µ–Ω
                                                  —ã –ø—Ä–∏–º–µ—Ä—ã –æ—Ñ–æ—Ä...

You may provide a definition with
\DeclareUnicodeCharacter 


! LaTeX Error: Unicode character —ã (U+044B)
               not set up for use with LaTeX.

See the LaTeX manual or LaTeX Companion for explanation.
Type  H <return>  for immediate help.
 ...                                              
                                                  
l.4 ...µ–∫—Å—Ç–µ —à–∞–±–ª–æ–Ω–∞ –ø—Ä–∏–≤–µ–¥–µ–Ω—ã
                                                   –ø—Ä–∏–º–µ—Ä—ã –æ—Ñ–æ—Ä–º...

You may provide a definition with
\DeclareUnicodeCharacter 


! LaTeX Error: Unicode character –ø (U+043F)
               not set up for use with LaTeX.

See the LaTeX manual or LaTeX Companion for explanation.
Type  H <return>  for immediate help.
 ...                                              
                                                  
l.4 ...—Å—Ç–µ —à–∞–±–ª–æ–Ω–∞ –ø—Ä–∏–≤–µ–¥–µ–Ω—ã –ø
                                                  —Ä–∏–º–µ—Ä—ã –æ—Ñ–æ—Ä–º–ª–...

You may provide a definition with
\DeclareUnicodeCharacter 


! LaTeX Error: Unicode character —Ä (U+0440)
               not set up for use with LaTeX.

See the LaTeX manual or LaTeX Companion for explanation.
Type  H <return>  for immediate help.
 ...                                              
                                                  
l.4 ...—Ç–µ —à–∞–±–ª–æ–Ω–∞ –ø—Ä–∏–≤–µ–¥–µ–Ω—ã –ø—Ä
                                                  –∏–º–µ—Ä—ã –æ—Ñ–æ—Ä–º–ª–µ–...

You may provide a definition with
\DeclareUnicodeCharacter 


! LaTeX Error: Unicode character –∏ (U+0438)
               not set up for use with LaTeX.

See the LaTeX manual or LaTeX Companion for explanation.
Type  H <return>  for immediate help.
 ...                                              
                                                  
l.4 ...–µ —à–∞–±–ª–æ–Ω–∞ –ø—Ä–∏–≤–µ–¥–µ–Ω—ã –ø—Ä–∏
                                                  –º–µ—Ä—ã –æ—Ñ–æ—Ä–º–ª–µ–Ω–...

You may provide a definition with
\DeclareUnicodeCharacter 


! LaTeX Error: Unicode character –º (U+043C)
               not set up for use with LaTeX.

See the LaTeX manual or LaTeX Companion for explanation.
Type  H <return>  for immediate help.
 ...                                              
                                                  
l.4 ... —à–∞–±–ª–æ–Ω–∞ –ø—Ä–∏–≤–µ–¥–µ–Ω—ã –ø—Ä–∏–º
                                                  –µ—Ä—ã –æ—Ñ–æ—Ä–º–ª–µ–Ω–∏—...

You may provide a definition with
\DeclareUnicodeCharacter 


! LaTeX Error: Unicode character –µ (U+0435)
               not set up for use with LaTeX.

See the LaTeX manual or LaTeX Companion for explanation.
Type  H <return>  for immediate help.
 ...                                              
                                                  
l.4 ...à–∞–±–ª–æ–Ω–∞ –ø—Ä–∏–≤–µ–¥–µ–Ω—ã –ø—Ä–∏–º–µ
                                                  —Ä—ã –æ—Ñ–æ—Ä–º–ª–µ–Ω–∏—è ...

You may provide a definition with
\DeclareUnicodeCharacter 


! LaTeX Error: Unicode character —Ä (U+0440)
               not set up for use with LaTeX.

See the LaTeX manual or LaTeX Companion for explanation.
Type  H <return>  for immediate help.
 ...                                              
                                                  
l.4 ...∞–±–ª–æ–Ω–∞ –ø—Ä–∏–≤–µ–¥–µ–Ω—ã –ø—Ä–∏–º–µ—Ä
                                                  —ã –æ—Ñ–æ—Ä–º–ª–µ–Ω–∏—è —Ç...

You may provide a definition with
\DeclareUnicodeCharacter 


! LaTeX Error: Unicode character —ã (U+044B)
               not set up for use with LaTeX.

See the LaTeX manual or LaTeX Companion for explanation.
Type  H <return>  for immediate help.
 ...                                              
                                                  
l.4 ...±–ª–æ–Ω–∞ –ø—Ä–∏–≤–µ–¥–µ–Ω—ã –ø—Ä–∏–º–µ—Ä—ã
                                                   –æ—Ñ–æ—Ä–º–ª–µ–Ω–∏—è —Ç–µ...

You may provide a definition with
\DeclareUnicodeCharacter 


! LaTeX Error: Unicode character –æ (U+043E)
               not set up for use with LaTeX.

See the LaTeX manual or LaTeX Companion for explanation.
Type  H <return>  for immediate help.
 ...                                              
                                                  
l.4 ...–æ–Ω–∞ –ø—Ä–∏–≤–µ–¥–µ–Ω—ã –ø—Ä–∏–º–µ—Ä—ã –æ
                                                  —Ñ–æ—Ä–º–ª–µ–Ω–∏—è —Ç–µ–∫—...

You may provide a definition with
\DeclareUnicodeCharacter 


! LaTeX Error: Unicode character —Ñ (U+0444)
               not set up for use with LaTeX.

See the LaTeX manual or LaTeX Companion for explanation.
Type  H <return>  for immediate help.
 ...                                              
                                                  
l.4 ...–Ω–∞ –ø—Ä–∏–≤–µ–¥–µ–Ω—ã –ø—Ä–∏–º–µ—Ä—ã –æ—Ñ
                                                  –æ—Ä–º–ª–µ–Ω–∏—è —Ç–µ–∫—Å—...

You may provide a definition with
\DeclareUnicodeCharacter 


! LaTeX Error: Unicode character –æ (U+043E)
               not set up for use with LaTeX.

See the LaTeX manual or LaTeX Companion for explanation.
Type  H <return>  for immediate help.
 ...                                              
                                                  
l.4 ...–∞ –ø—Ä–∏–≤–µ–¥–µ–Ω—ã –ø—Ä–∏–º–µ—Ä—ã –æ—Ñ–æ
                                                  —Ä–º–ª–µ–Ω–∏—è —Ç–µ–∫—Å—Ç–...

You may provide a definition with
\DeclareUnicodeCharacter 


! LaTeX Error: Unicode character —Ä (U+0440)
               not set up for use with LaTeX.

See the LaTeX manual or LaTeX Companion for explanation.
Type  H <return>  for immediate help.
 ...                                              
                                                  
l.4 ... –ø—Ä–∏–≤–µ–¥–µ–Ω—ã –ø—Ä–∏–º–µ—Ä—ã –æ—Ñ–æ—Ä
                                                  –º–ª–µ–Ω–∏—è —Ç–µ–∫—Å—Ç–æ–...

You may provide a definition with
\DeclareUnicodeCharacter 


! LaTeX Error: Unicode character –º (U+043C)
               not set up for use with LaTeX.

See the LaTeX manual or LaTeX Companion for explanation.
Type  H <return>  for immediate help.
 ...                                              
                                                  
l.4 ...ø—Ä–∏–≤–µ–¥–µ–Ω—ã –ø—Ä–∏–º–µ—Ä—ã –æ—Ñ–æ—Ä–º
                                                  –ª–µ–Ω–∏—è —Ç–µ–∫—Å—Ç–æ–≤–...

You may provide a definition with
\DeclareUnicodeCharacter 


! LaTeX Error: Unicode character –ª (U+043B)
               not set up for use with LaTeX.

See the LaTeX manual or LaTeX Companion for explanation.
Type  H <return>  for immediate help.
 ...                                              
                                                  
l.4 ...Ä–∏–≤–µ–¥–µ–Ω—ã –ø—Ä–∏–º–µ—Ä—ã –æ—Ñ–æ—Ä–º–ª
                                                  –µ–Ω–∏—è —Ç–µ–∫—Å—Ç–æ–≤–æ-...

You may provide a definition with
\DeclareUnicodeCharacter 


! LaTeX Error: Unicode character –µ (U+0435)
               not set up for use with LaTeX.

See the LaTeX manual or LaTeX Companion for explanation.
Type  H <return>  for immediate help.
 ...                                              
                                                  
l.4 ...∏–≤–µ–¥–µ–Ω—ã –ø—Ä–∏–º–µ—Ä—ã –æ—Ñ–æ—Ä–º–ª–µ
                                                  –Ω–∏—è —Ç–µ–∫—Å—Ç–æ–≤–æ-–≥...

You may provide a definition with
\DeclareUnicodeCharacter 


! LaTeX Error: Unicode character –Ω (U+043D)
               not set up for use with LaTeX.

See the LaTeX manual or LaTeX Companion for explanation.
Type  H <return>  for immediate help.
 ...                                              
                                                  
l.4 ...≤–µ–¥–µ–Ω—ã –ø—Ä–∏–º–µ—Ä—ã –æ—Ñ–æ—Ä–º–ª–µ–Ω
                                                  –∏—è —Ç–µ–∫—Å—Ç–æ–≤–æ-–≥—Ä...

You may provide a definition with
\DeclareUnicodeCharacter 


! LaTeX Error: Unicode character –∏ (U+0438)
               not set up for use with LaTeX.

See the LaTeX manual or LaTeX Companion for explanation.
Type  H <return>  for immediate help.
 ...                                              
                                                  
l.4 ...µ–¥–µ–Ω—ã –ø—Ä–∏–º–µ—Ä—ã –æ—Ñ–æ—Ä–º–ª–µ–Ω–∏
                                                  —è —Ç–µ–∫—Å—Ç–æ–≤–æ-–≥—Ä–∞...

You may provide a definition with
\DeclareUnicodeCharacter 


! LaTeX Error: Unicode character —è (U+044F)
               not set up for use with LaTeX.

See the LaTeX manual or LaTeX Companion for explanation.
Type  H <return>  for immediate help.
 ...                                              
                                                  
l.4 ...¥–µ–Ω—ã –ø—Ä–∏–º–µ—Ä—ã –æ—Ñ–æ—Ä–º–ª–µ–Ω–∏—è
                                                   —Ç–µ–∫—Å—Ç–æ–≤–æ-–≥—Ä–∞—Ñ...

You may provide a definition with
\DeclareUnicodeCharacter 


! LaTeX Error: Unicode character —Ç (U+0442)
               not set up for use with LaTeX.

See the LaTeX manual or LaTeX Companion for explanation.
Type  H <return>  for immediate help.
 ...                                              
                                                  
l.4 ...–Ω—ã –ø—Ä–∏–º–µ—Ä—ã –æ—Ñ–æ—Ä–º–ª–µ–Ω–∏—è —Ç
                                                  –µ–∫—Å—Ç–æ–≤–æ-–≥—Ä–∞—Ñ–∏—...

You may provide a definition with
\DeclareUnicodeCharacter 


! LaTeX Error: Unicode character –µ (U+0435)
               not set up for use with LaTeX.

See the LaTeX manual or LaTeX Companion for explanation.
Type  H <return>  for immediate help.
 ...                                              
                                                  
l.4 ...—ã –ø—Ä–∏–º–µ—Ä—ã –æ—Ñ–æ—Ä–º–ª–µ–Ω–∏—è —Ç–µ
                                                  –∫—Å—Ç–æ–≤–æ-–≥—Ä–∞—Ñ–∏—á–...

You may provide a definition with
\DeclareUnicodeCharacter 


! LaTeX Error: Unicode character –∫ (U+043A)
               not set up for use with LaTeX.

See the LaTeX manual or LaTeX Companion for explanation.
Type  H <return>  for immediate help.
 ...                                              
                                                  
l.4 ... –ø—Ä–∏–º–µ—Ä—ã –æ—Ñ–æ—Ä–º–ª–µ–Ω–∏—è —Ç–µ–∫
                                                  —Å—Ç–æ–≤–æ-–≥—Ä–∞—Ñ–∏—á–µ—...

You may provide a definition with
\DeclareUnicodeCharacter 


! LaTeX Error: Unicode character —Å (U+0441)
               not set up for use with LaTeX.

See the LaTeX manual or LaTeX Companion for explanation.
Type  H <return>  for immediate help.
 ...                                              
                                                  
l.4 ...ø—Ä–∏–º–µ—Ä—ã –æ—Ñ–æ—Ä–º–ª–µ–Ω–∏—è —Ç–µ–∫—Å
                                                  —Ç–æ–≤–æ-–≥—Ä–∞—Ñ–∏—á–µ—Å–...

You may provide a definition with
\DeclareUnicodeCharacter 


! LaTeX Error: Unicode character —Ç (U+0442)
               not set up for use with LaTeX.

See the LaTeX manual or LaTeX Companion for explanation.
Type  H <return>  for immediate help.
 ...                                              
                                                  
l.4 ...Ä–∏–º–µ—Ä—ã –æ—Ñ–æ—Ä–º–ª–µ–Ω–∏—è —Ç–µ–∫—Å—Ç
                                                  –æ–≤–æ-–≥—Ä–∞—Ñ–∏—á–µ—Å–∫–...
(That makes 100 errors; please try again.) 
Here is how much of TeX's memory you used:
 50 strings out of 469607
 738 string characters out of 5474758
 424186 words of memory out of 5000000
 26983 multiletter control sequences out of 15000+600000
 627171 words of font info for 41 fonts, out of 8000000 for 9000
 1141 hyphenation exceptions out of 8191
 17i,3n,20p,819b,90s stack positions out of 10000i,1000n,20000p,200000b,200000s

!  ==> Fatal error occurred, no output PDF file produced!
